<?xml version="1.0" encoding="UTF-8"?>
<!-- Generated by org.testng.reporters.JUnitXMLReporter -->
<testsuite ignored="0" hostname="LAPTOP-2GM08M44" failures="0" tests="5" name="Default test" time="35.164" errors="0" timestamp="2022-06-11T23:52:13 EDT">
  <testcase classname="com.test.tests.ApiTestScriptsEndToEnd" name="loginToApi" time="0.258"/>
  <testcase classname="com.test.tests.ApiTestScriptsEndToEnd" name="CreateUser" time="0.571"/>
  <testcase classname="com.test.tests.ApiTestScriptsEndToEnd" name="getUsers" time="10.493"/>
  <testcase classname="com.test.tests.ApiTestScriptsEndToEnd" name="UpdateUser" time="15.013"/>
  <testcase classname="com.test.tests.ApiTestScriptsEndToEnd" name="DeleteUser" time="6.928"/>
</testsuite> <!-- Default test -->
