<?xml version="1.0" encoding="UTF-8"?>
<!-- Generated by org.testng.reporters.JUnitXMLReporter -->
<testsuite ignored="0" hostname="LAPTOP-2GM08M44" failures="0" tests="5" name="Default test" time="43.117" errors="0" timestamp="2022-06-13T01:32:36 EDT">
  <testcase classname="com.test.tests.ApiTestScriptsEndToEnd" name="loginToApi" time="0.211"/>
  <testcase classname="com.test.tests.ApiTestScriptsEndToEnd" name="CreateUser" time="2.679"/>
  <testcase classname="com.test.tests.ApiTestScriptsEndToEnd" name="getUsers" time="5.898"/>
  <testcase classname="com.test.tests.ApiTestScriptsEndToEnd" name="UpdateUser" time="20.166"/>
  <testcase classname="com.test.tests.ApiTestScriptsEndToEnd" name="DeleteUser" time="9.675"/>
</testsuite> <!-- Default test -->
