<?xml version="1.0" encoding="UTF-8"?>
<testng-results ignored="0" total="5" passed="5" failed="0" skipped="0">
  <reporter-output>
  </reporter-output>
  <suite started-at="2022-06-13T01:31:53 EDT" name="Default suite" finished-at="2022-06-13T01:32:36 EDT" duration-ms="43117">
    <groups>
    </groups>
    <test started-at="2022-06-13T01:31:53 EDT" name="Default test" finished-at="2022-06-13T01:32:36 EDT" duration-ms="43117">
      <class name="com.test.tests.ApiTestScriptsEndToEnd">
        <test-method is-config="true" signature="init()[pri:0, instance:com.test.tests.ApiTestScriptsEndToEnd@169e6180]" started-at="2022-06-13T01:31:53 EDT" name="init" finished-at="2022-06-13T01:31:54 EDT" duration-ms="407" status="PASS">
          <reporter-output>
          </reporter-output>
        </test-method> <!-- init -->
        <test-method is-config="true" signature="loginToApi()[pri:0, instance:com.test.tests.ApiTestScriptsEndToEnd@169e6180]" started-at="2022-06-13T01:31:54 EDT" name="loginToApi" finished-at="2022-06-13T01:31:58 EDT" duration-ms="4045" status="PASS">
          <reporter-output>
          </reporter-output>
        </test-method> <!-- loginToApi -->
        <test-method signature="loginToApi()[pri:0, instance:com.test.tests.ApiTestScriptsEndToEnd@169e6180]" started-at="2022-06-13T01:31:58 EDT" name="loginToApi" finished-at="2022-06-13T01:31:58 EDT" duration-ms="211" status="PASS">
          <reporter-output>
          </reporter-output>
        </test-method> <!-- loginToApi -->
        <test-method signature="CreateUser()[pri:1, instance:com.test.tests.ApiTestScriptsEndToEnd@169e6180]" started-at="2022-06-13T01:31:58 EDT" name="CreateUser" finished-at="2022-06-13T01:32:01 EDT" duration-ms="2679" status="PASS">
          <reporter-output>
          </reporter-output>
        </test-method> <!-- CreateUser -->
        <test-method signature="getUsers()[pri:2, instance:com.test.tests.ApiTestScriptsEndToEnd@169e6180]" started-at="2022-06-13T01:32:01 EDT" name="getUsers" finished-at="2022-06-13T01:32:06 EDT" duration-ms="5898" status="PASS">
          <reporter-output>
          </reporter-output>
        </test-method> <!-- getUsers -->
        <test-method signature="UpdateUser()[pri:3, instance:com.test.tests.ApiTestScriptsEndToEnd@169e6180]" started-at="2022-06-13T01:32:06 EDT" name="UpdateUser" finished-at="2022-06-13T01:32:27 EDT" duration-ms="20166" status="PASS">
          <reporter-output>
          </reporter-output>
        </test-method> <!-- UpdateUser -->
        <test-method signature="DeleteUser()[pri:4, instance:com.test.tests.ApiTestScriptsEndToEnd@169e6180]" started-at="2022-06-13T01:32:27 EDT" name="DeleteUser" finished-at="2022-06-13T01:32:36 EDT" duration-ms="9675" status="PASS">
          <reporter-output>
          </reporter-output>
        </test-method> <!-- DeleteUser -->
      </class> <!-- com.test.tests.ApiTestScriptsEndToEnd -->
    </test> <!-- Default test -->
  </suite> <!-- Default suite -->
</testng-results>
