<?xml version="1.0" encoding="UTF-8"?>
<testng-results ignored="0" total="5" passed="5" failed="0" skipped="0">
  <reporter-output>
  </reporter-output>
  <suite started-at="2022-06-11T23:51:38 EDT" name="Default suite" finished-at="2022-06-11T23:52:13 EDT" duration-ms="35164">
    <groups>
    </groups>
    <test started-at="2022-06-11T23:51:38 EDT" name="Default test" finished-at="2022-06-11T23:52:13 EDT" duration-ms="35164">
      <class name="com.test.tests.ApiTestScriptsEndToEnd">
        <test-method is-config="true" signature="init()[pri:0, instance:com.test.tests.ApiTestScriptsEndToEnd@169e6180]" started-at="2022-06-11T23:51:38 EDT" name="init" finished-at="2022-06-11T23:51:38 EDT" duration-ms="364" status="PASS">
          <reporter-output>
          </reporter-output>
        </test-method> <!-- init -->
        <test-method is-config="true" signature="loginToApi()[pri:0, instance:com.test.tests.ApiTestScriptsEndToEnd@169e6180]" started-at="2022-06-11T23:51:38 EDT" name="loginToApi" finished-at="2022-06-11T23:51:40 EDT" duration-ms="1507" status="PASS">
          <reporter-output>
          </reporter-output>
        </test-method> <!-- loginToApi -->
        <test-method signature="loginToApi()[pri:0, instance:com.test.tests.ApiTestScriptsEndToEnd@169e6180]" started-at="2022-06-11T23:51:40 EDT" name="loginToApi" finished-at="2022-06-11T23:51:40 EDT" duration-ms="258" status="PASS">
          <reporter-output>
          </reporter-output>
        </test-method> <!-- loginToApi -->
        <test-method signature="CreateUser()[pri:1, instance:com.test.tests.ApiTestScriptsEndToEnd@169e6180]" started-at="2022-06-11T23:51:40 EDT" name="CreateUser" finished-at="2022-06-11T23:51:41 EDT" duration-ms="571" status="PASS">
          <reporter-output>
          </reporter-output>
        </test-method> <!-- CreateUser -->
        <test-method signature="getUsers()[pri:2, instance:com.test.tests.ApiTestScriptsEndToEnd@169e6180]" started-at="2022-06-11T23:51:41 EDT" name="getUsers" finished-at="2022-06-11T23:51:51 EDT" duration-ms="10493" status="PASS">
          <reporter-output>
          </reporter-output>
        </test-method> <!-- getUsers -->
        <test-method signature="UpdateUser()[pri:3, instance:com.test.tests.ApiTestScriptsEndToEnd@169e6180]" started-at="2022-06-11T23:51:51 EDT" name="UpdateUser" finished-at="2022-06-11T23:52:06 EDT" duration-ms="15013" status="PASS">
          <reporter-output>
          </reporter-output>
        </test-method> <!-- UpdateUser -->
        <test-method signature="DeleteUser()[pri:4, instance:com.test.tests.ApiTestScriptsEndToEnd@169e6180]" started-at="2022-06-11T23:52:06 EDT" name="DeleteUser" finished-at="2022-06-11T23:52:13 EDT" duration-ms="6928" status="PASS">
          <reporter-output>
          </reporter-output>
        </test-method> <!-- DeleteUser -->
      </class> <!-- com.test.tests.ApiTestScriptsEndToEnd -->
    </test> <!-- Default test -->
  </suite> <!-- Default suite -->
</testng-results>
